<?xml version="1.0" encoding="UTF-8"?>
<!-- Generated by org.testng.reporters.JUnitReportReporter -->
<testsuite hostname="Ankurs-Surface-3" failures="0" tests="2" name="runnerOrange.TestRunnerOrange" time="86.224" errors="0" timestamp="2023-08-17T14:54:00 EDT" skipped="0">
  <testcase classname="runnerOrange.TestRunnerOrange" name="runScenario" time="60.890"/>
  <testcase classname="runnerOrange.TestRunnerOrange" name="runScenario" time="25.334"/>
</testsuite> <!-- runnerOrange.TestRunnerOrange -->
